$ npx create-react-app various01
npx: installed 67 in 3.492s

Creating a new React app in /Users/username/stuff/mystuff/coderdba-coding-org/reactjs/various/various01.

Installing packages. This might take a couple of minutes.
Installing react, react-dom, and react-scripts with cra-template...


> fsevents@1.2.13 install /Users/username/stuff/mystuff/coderdba-coding-org/reactjs/various/various01/node_modules/watchpack-chokidar2/node_modules/fsevents
> node install.js

No receipt for 'com.apple.pkg.CLTools_Executables' found at '/'.

No receipt for 'com.apple.pkg.DeveloperToolsCLILeo' found at '/'.

No receipt for 'com.apple.pkg.DeveloperToolsCLI' found at '/'.

gyp: No Xcode or CLT version detected!
gyp ERR! configure error 
gyp ERR! stack Error: `gyp` failed with exit code: 1
gyp ERR! stack     at ChildProcess.onCpExit (/Users/username/.nvm/versions/node/v14.15.4/lib/node_modules/npm/node_modules/node-gyp/lib/configure.js:351:16)
gyp ERR! stack     at ChildProcess.emit (events.js:315:20)
gyp ERR! stack     at Process.ChildProcess._handle.onexit (internal/child_process.js:277:12)
gyp ERR! System Darwin 19.6.0
gyp ERR! command "/Users/username/.nvm/versions/node/v14.15.4/bin/node" "/Users/username/.nvm/versions/node/v14.15.4/lib/node_modules/npm/node_modules/node-gyp/bin/node-gyp.js" "rebuild"
gyp ERR! cwd /Users/username/stuff/mystuff/coderdba-coding-org/reactjs/various/various01/node_modules/watchpack-chokidar2/node_modules/fsevents
gyp ERR! node -v v14.15.4
gyp ERR! node-gyp -v v5.1.0
gyp ERR! not ok 

> fsevents@1.2.13 install /Users/username/stuff/mystuff/coderdba-coding-org/reactjs/various/various01/node_modules/webpack-dev-server/node_modules/fsevents
> node install.js

No receipt for 'com.apple.pkg.CLTools_Executables' found at '/'.

No receipt for 'com.apple.pkg.DeveloperToolsCLILeo' found at '/'.

No receipt for 'com.apple.pkg.DeveloperToolsCLI' found at '/'.

gyp: No Xcode or CLT version detected!
gyp ERR! configure error 
gyp ERR! stack Error: `gyp` failed with exit code: 1
gyp ERR! stack     at ChildProcess.onCpExit (/Users/username/.nvm/versions/node/v14.15.4/lib/node_modules/npm/node_modules/node-gyp/lib/configure.js:351:16)
gyp ERR! stack     at ChildProcess.emit (events.js:315:20)
gyp ERR! stack     at Process.ChildProcess._handle.onexit (internal/child_process.js:277:12)
gyp ERR! System Darwin 19.6.0
gyp ERR! command "/Users/username/.nvm/versions/node/v14.15.4/bin/node" "/Users/username/.nvm/versions/node/v14.15.4/lib/node_modules/npm/node_modules/node-gyp/bin/node-gyp.js" "rebuild"
gyp ERR! cwd /Users/username/stuff/mystuff/coderdba-coding-org/reactjs/various/various01/node_modules/webpack-dev-server/node_modules/fsevents
gyp ERR! node -v v14.15.4
gyp ERR! node-gyp -v v5.1.0
gyp ERR! not ok 

> core-js@2.6.12 postinstall /Users/username/stuff/mystuff/coderdba-coding-org/reactjs/various/various01/node_modules/babel-runtime/node_modules/core-js
> node -e "try{require('./postinstall')}catch(e){}"


> core-js@3.8.3 postinstall /Users/username/stuff/mystuff/coderdba-coding-org/reactjs/various/various01/node_modules/core-js
> node -e "try{require('./postinstall')}catch(e){}"


> core-js-pure@3.8.3 postinstall /Users/username/stuff/mystuff/coderdba-coding-org/reactjs/various/various01/node_modules/core-js-pure
> node -e "try{require('./postinstall')}catch(e){}"


> ejs@2.7.4 postinstall /Users/username/stuff/mystuff/coderdba-coding-org/reactjs/various/various01/node_modules/ejs
> node ./postinstall.js

+ cra-template@1.1.2
+ react-dom@17.0.1
+ react-scripts@4.0.2
+ react@17.0.1
added 1908 packages from 733 contributors and audited 1908 packages in 101.898s

127 packages are looking for funding
  run `npm fund` for details

found 0 vulnerabilities


Installing template dependencies using npm...
npm WARN tsutils@3.20.0 requires a peer of typescript@>=2.8.0 || >= 3.2.0-dev || >= 3.3.0-dev || >= 3.4.0-dev || >= 3.5.0-dev || >= 3.6.0-dev || >= 3.6.0-beta || >= 3.7.0-dev || >= 3.7.0-beta but none is installed. You must install peer dependencies yourself.

+ web-vitals@1.1.0
+ @testing-library/user-event@12.7.1
+ @testing-library/jest-dom@5.11.9
+ @testing-library/react@11.2.5
added 29 packages from 78 contributors and audited 1937 packages in 9.874s

127 packages are looking for funding
  run `npm fund` for details

found 0 vulnerabilities

Removing template package using npm...

npm WARN tsutils@3.20.0 requires a peer of typescript@>=2.8.0 || >= 3.2.0-dev || >= 3.3.0-dev || >= 3.4.0-dev || >= 3.5.0-dev || >= 3.6.0-dev || >= 3.6.0-beta || >= 3.7.0-dev || >= 3.7.0-beta but none is installed. You must install peer dependencies yourself.

removed 1 package and audited 1936 packages in 7.936s

127 packages are looking for funding
  run `npm fund` for details

found 0 vulnerabilities


Success! Created various01 at /Users/username/stuff/mystuff/coderdba-coding-org/reactjs/various/various01
Inside that directory, you can run several commands:

  npm start
    Starts the development server.

  npm run build
    Bundles the app into static files for production.

  npm test
    Starts the test runner.

  npm run eject
    Removes this tool and copies build dependencies, configuration files
    and scripts into the app directory. If you do this, you can’t go back!

We suggest that you begin by typing:

  cd various01
  npm start

Happy hacking!
